Script started: Fri Nov 15 09:35:46 EST 2024
Script started: Fri Nov 15 09:36:42 EST 2024
Script started: Fri Nov 15 09:38:03 EST 2024
Script started: Fri Nov 15 09:39:18 EST 2024
Script started: Fri Nov 15 09:43:24 EST 2024
Script exited: Fri Nov 15 09:43:28 EST 2024
Script started: Fri Nov 15 09:47:31 EST 2024
Fri Nov 15 09:47:31 EST 2024, example-tar.tar, QUARANTINE, SENSITIVE, 
Fri Nov 15 09:47:31 EST 2024, good.tar, QUARANTINE, SENSITIVE, 
Fri Nov 15 09:47:31 EST 2024, good.tar, QUARANTINE, SENSITIVE, 
Fri Nov 15 09:47:32 EST 2024, SSN.zip, QUARANTINE, SENSITIVE, 
Fri Nov 15 09:47:32 EST 2024, SSN.zip, QUARANTINE, SENSITIVE, 
Fri Nov 15 09:47:32 EST 2024, SSN.zip, QUARANTINE, SENSITIVE, 
Fri Nov 15 09:47:33 EST 2024, example-tar.tar, QUARANTINE, SENSITIVE, 
Fri Nov 15 09:47:33 EST 2024, example-tar.tar, QUARANTINE, SENSITIVE, 
Fri Nov 15 09:47:33 EST 2024, example-tar.tar, QUARANTINE, SENSITIVE, 
Fri Nov 15 09:47:34 EST 2024, good.tar, QUARANTINE, SENSITIVE, 
Fri Nov 15 09:47:34 EST 2024, good.tar, QUARANTINE, SENSITIVE, 
Fri Nov 15 09:47:34 EST 2024, good.tar, QUARANTINE, SENSITIVE, 
Fri Nov 15 09:47:41 EST 2024, SSN.zip, QUARANTINE, SENSITIVE, 
Fri Nov 15 09:47:41 EST 2024, SSN.zip, QUARANTINE, SENSITIVE, 
Script exited: Fri Nov 15 09:47:41 EST 2024
Script started: Fri Nov 15 09:51:36 EST 2024
Fri Nov 15 09:51:37 EST 2024, example-tar.tar, QUARANTINE, SENSITIVE, 
Fri Nov 15 09:51:37 EST 2024, example-tar.tar, QUARANTINE, SENSITIVE, 
Fri Nov 15 09:51:38 EST 2024, example-tar.tar, QUARANTINE, SENSITIVE, 
Fri Nov 15 09:51:38 EST 2024, good.tar, QUARANTINE, SENSITIVE, 
Fri Nov 15 09:51:38 EST 2024, good.tar, QUARANTINE, SENSITIVE, 
Fri Nov 15 09:51:38 EST 2024, good.tar, QUARANTINE, SENSITIVE, 
Script exited: Fri Nov 15 09:51:40 EST 2024
Script started: Fri Nov 15 09:52:57 EST 2024
Fri Nov 15 09:52:57 EST 2024, example-tar.tar, QUARANTINE, SENSITIVE, SENSITIVE, SSN
Fri Nov 15 09:52:57 EST 2024, example-tar.tar, QUARANTINE, SENSITIVE, Error: ./archive/files is not a file
Fri Nov 15 09:52:58 EST 2024, example-tar.tar, QUARANTINE, SENSITIVE, CLEAN
Fri Nov 15 09:52:58 EST 2024, good.tar, QUARANTINE, SENSITIVE, SENSITIVE, SSN
Fri Nov 15 09:52:58 EST 2024, good.tar, QUARANTINE, SENSITIVE, Error: ./archive/files is not a file
Fri Nov 15 09:52:58 EST 2024, good.tar, QUARANTINE, SENSITIVE, CLEAN
Script exited: Fri Nov 15 09:53:01 EST 2024
Script started: Fri Nov 15 09:57:13 EST 2024
Fri Nov 15 09:57:13 EST 2024, example-tar.tar, QUARANTINE, SENSITIVE, SENSITIVE, SSN
Fri Nov 15 09:57:13 EST 2024, example-tar.tar, QUARANTINE, SENSITIVE, Error: ./archive/files is not a file
Fri Nov 15 09:57:13 EST 2024, example-tar.tar, QUARANTINE, SENSITIVE, Error: ./archive/good.txt is not a file
Fri Nov 15 09:57:14 EST 2024, good.tar, QUARANTINE, SENSITIVE, CLEAN
Fri Nov 15 09:57:14 EST 2024, SSN.zip, QUARANTINE, SENSITIVE, SENSITIVE, SSN
Script exited: Fri Nov 15 09:57:14 EST 2024
Script started: Fri Nov 15 10:04:03 EST 2024
Script exited: Fri Nov 15 10:04:04 EST 2024
Script started: Fri Nov 15 10:09:06 EST 2024
Fri Nov 15 10:09:06 EST 2024, example-tar.tar, QUARANTINE, SENSITIVE, Error: ./archive/./archive/files/._bad-file2.eml is not a file
Fri Nov 15 10:09:06 EST 2024, example-tar.tar, QUARANTINE, SENSITIVE, Error: ./archive/./archive/files/bad-file2.eml is not a file
Fri Nov 15 10:09:06 EST 2024, example-tar.tar, QUARANTINE, SENSITIVE, Error: ./archive/./archive/files/._bad-file.eml is not a file
Fri Nov 15 10:09:06 EST 2024, example-tar.tar, QUARANTINE, SENSITIVE, Error: ./archive/./archive/files/bad-file.eml is not a file
Fri Nov 15 10:09:06 EST 2024, example-tar.tar, QUARANTINE, SENSITIVE, Error: ./archive/./archive/files/._clean-file.eml is not a file
Fri Nov 15 10:09:06 EST 2024, example-tar.tar, QUARANTINE, SENSITIVE, Error: ./archive/./archive/files/clean-file.eml is not a file
Fri Nov 15 10:09:06 EST 2024, good.tar, QUARANTINE, SENSITIVE, Error: ./archive/./archive/good.txt is not a file
Fri Nov 15 10:09:07 EST 2024, SSN.zip, QUARANTINE, SENSITIVE, Error: ./archive/./archive/bad-SSN.txt is not a file
Script exited: Fri Nov 15 10:09:08 EST 2024
Script started: Fri Nov 15 10:10:44 EST 2024
Script exited: Fri Nov 15 10:10:46 EST 2024
Script started: Fri Nov 15 10:12:19 EST 2024
Fri Nov 15 10:12:19 EST 2024, good.tar, QUARANTINE, SENSITIVE, CLEAN
Fri Nov 15 10:12:20 EST 2024, SSN.zip, QUARANTINE, SENSITIVE, SENSITIVE, SSN
Script exited: Fri Nov 15 10:12:20 EST 2024
Script started: Fri Nov 15 10:20:20 EST 2024
Script exited: Fri Nov 15 10:20:22 EST 2024
Script started: Fri Nov 15 10:21:03 EST 2024
Fri Nov 15 10:21:03 EST 2024, good.tar, QUARANTINE, CANNOT EXTRACT
Fri Nov 15 10:21:03 EST 2024, SSN.zip, QUARANTINE, CANNOT EXTRACT
Fri Nov 15 10:21:04 EST 2024, good.tar, QUARANTINE, CANNOT EXTRACT
Script exited: Fri Nov 15 10:21:05 EST 2024
Script started: Fri Nov 15 10:22:40 EST 2024
Fri Nov 15 10:22:40 EST 2024, good.tar, QUARANTINE, CANNOT EXTRACT
Script exited: Fri Nov 15 10:22:41 EST 2024
Script started: Fri Nov 15 10:24:18 EST 2024
Fri Nov 15 10:24:19 EST 2024, good.tar, QUARANTINE, SENSITIVE, SENSITIVE, SSN
Fri Nov 15 10:24:19 EST 2024, SSN.zip, QUARANTINE, SENSITIVE, SENSITIVE, SSN
Script exited: Fri Nov 15 10:24:21 EST 2024
